2021-12-07 14:32:52  INFO CreateServiceRunnable:87 - CreateServiceRunnable initialization complete!
2021-12-07 14:32:52  INFO CreateServiceRunnable:99 - CreateServiceRunnable is running...
2021-12-07 14:32:52  INFO CreateServiceRunnable:338 - Start test mode!
2021-12-07 14:33:23  INFO CreateServiceRunnable:87 - CreateServiceRunnable initialization complete!
2021-12-07 14:33:23  INFO CreateServiceRunnable:99 - CreateServiceRunnable is running...
2021-12-07 14:33:23  INFO CreateServiceRunnable:338 - Start test mode!
2021-12-07 14:36:03  INFO CreateServiceRunnable:87 - CreateServiceRunnable initialization complete!
2021-12-07 14:36:03  INFO CreateServiceRunnable:99 - CreateServiceRunnable is running...
2021-12-07 14:36:03  INFO CreateServiceRunnable:338 - Start test mode!
2021-12-07 14:37:04  INFO CreateServiceRunnable:87 - CreateServiceRunnable initialization complete!
2021-12-07 14:37:05  INFO CreateServiceRunnable:99 - CreateServiceRunnable is running...
2021-12-07 14:37:05  INFO CreateServiceRunnable:338 - Start test mode!
2021-12-07 14:42:37  INFO CreateServiceRunnable:87 - CreateServiceRunnable initialization complete!
2021-12-07 14:42:37  INFO CreateServiceRunnable:99 - CreateServiceRunnable is running...
2021-12-07 14:42:37  INFO CreateServiceRunnable:338 - Start test mode!
2021-12-07 14:42:42  INFO CreateServiceRunnable:399 - Accepted 201870199
2021-12-07 14:42:42  INFO CreateServiceRunnable:413 - Welcome 201870199,201870199
2021-12-07 14:46:37  INFO CreateServiceRunnable:87 - CreateServiceRunnable initialization complete!
2021-12-07 14:46:37  INFO CreateServiceRunnable:99 - CreateServiceRunnable is running...
2021-12-07 14:46:37  INFO CreateServiceRunnable:338 - Start test mode!
2021-12-07 14:46:44  INFO CreateServiceRunnable:399 - Accepted 201870199
2021-12-07 14:46:44  INFO CreateServiceRunnable:413 - Welcome 201870199,201870199
